<?xml version="1.0" encoding="UTF-8"?>
<testng-results ignored="0" total="2" passed="2" failed="0" skipped="0">
  <reporter-output>
  </reporter-output>
  <suite started-at="2018-08-17T19:48:08Z" name="Default suite" finished-at="2018-08-17T19:48:08Z" duration-ms="50">
    <groups>
    </groups>
    <test started-at="2018-08-17T19:48:08Z" name="Default test" finished-at="2018-08-17T19:48:08Z" duration-ms="50">
      <class name="NewTest">
        <test-method is-config="true" signature="b()[pri:0, instance:NewTest@c0c2f8d]" started-at="2018-08-17T19:48:08Z" name="b" finished-at="2018-08-17T19:48:08Z" duration-ms="11" status="PASS">
          <reporter-output>
          </reporter-output>
        </test-method> <!-- b -->
        <test-method is-config="true" signature="a()[pri:0, instance:NewTest@c0c2f8d]" started-at="2018-08-17T19:48:08Z" name="a" finished-at="2018-08-17T19:48:08Z" duration-ms="0" status="PASS">
          <reporter-output>
          </reporter-output>
        </test-method> <!-- a -->
        <test-method signature="F()[pri:0, instance:NewTest@c0c2f8d]" started-at="2018-08-17T19:48:08Z" name="F" finished-at="2018-08-17T19:48:08Z" duration-ms="5" status="PASS">
          <reporter-output>
          </reporter-output>
        </test-method> <!-- F -->
        <test-method is-config="true" signature="r()[pri:0, instance:NewTest@c0c2f8d]" started-at="2018-08-17T19:48:08Z" name="r" finished-at="2018-08-17T19:48:08Z" duration-ms="1" status="PASS">
          <reporter-output>
          </reporter-output>
        </test-method> <!-- r -->
        <test-method signature="f()[pri:0, instance:NewTest@c0c2f8d]" started-at="2018-08-17T19:48:08Z" name="f" finished-at="2018-08-17T19:48:08Z" duration-ms="2" status="PASS">
          <reporter-output>
          </reporter-output>
        </test-method> <!-- f -->
        <test-method is-config="true" signature="a()[pri:0, instance:NewTest@c0c2f8d]" started-at="2018-08-17T19:48:08Z" name="a" finished-at="2018-08-17T19:48:08Z" duration-ms="0" status="PASS">
          <reporter-output>
          </reporter-output>
        </test-method> <!-- a -->
        <test-method is-config="true" signature="r()[pri:0, instance:NewTest@c0c2f8d]" started-at="2018-08-17T19:48:08Z" name="r" finished-at="2018-08-17T19:48:08Z" duration-ms="1" status="PASS">
          <reporter-output>
          </reporter-output>
        </test-method> <!-- r -->
        <test-method is-config="true" signature="c()[pri:0, instance:NewTest@c0c2f8d]" started-at="2018-08-17T19:48:08Z" name="c" finished-at="2018-08-17T19:48:08Z" duration-ms="0" status="PASS">
          <reporter-output>
          </reporter-output>
        </test-method> <!-- c -->
      </class> <!-- NewTest -->
    </test> <!-- Default test -->
  </suite> <!-- Default suite -->
</testng-results>
