<?xml version="1.0" encoding="UTF-8"?>
<testng-results ignored="0" total="1" passed="1" failed="0" skipped="0">
  <reporter-output>
  </reporter-output>
  <suite started-at="2018-08-18T21:28:44Z" name="Default suite" finished-at="2018-08-18T21:28:51Z" duration-ms="7327">
    <groups>
    </groups>
    <test started-at="2018-08-18T21:28:44Z" name="Default test" finished-at="2018-08-18T21:28:51Z" duration-ms="7327">
      <class name="testing.MercTestNg">
        <test-method is-config="true" signature="beforeTest()[pri:0, instance:testing.MercTestNg@291caca8]" started-at="2018-08-18T21:28:44Z" name="beforeTest" finished-at="2018-08-18T21:28:51Z" duration-ms="7294" status="PASS">
          <reporter-output>
          </reporter-output>
        </test-method> <!-- beforeTest -->
        <test-method is-config="true" signature="beforeMethod()[pri:0, instance:testing.MercTestNg@291caca8]" started-at="2018-08-18T21:28:51Z" name="beforeMethod" finished-at="2018-08-18T21:28:51Z" duration-ms="0" status="PASS">
          <reporter-output>
          </reporter-output>
        </test-method> <!-- beforeMethod -->
        <test-method signature="f()[pri:0, instance:testing.MercTestNg@291caca8]" started-at="2018-08-18T21:28:51Z" name="f" finished-at="2018-08-18T21:28:51Z" duration-ms="7" status="PASS">
          <reporter-output>
          </reporter-output>
        </test-method> <!-- f -->
        <test-method is-config="true" signature="afterMethod()[pri:0, instance:testing.MercTestNg@291caca8]" started-at="2018-08-18T21:28:51Z" name="afterMethod" finished-at="2018-08-18T21:28:51Z" duration-ms="0" status="PASS">
          <reporter-output>
          </reporter-output>
        </test-method> <!-- afterMethod -->
        <test-method is-config="true" signature="afterTest()[pri:0, instance:testing.MercTestNg@291caca8]" started-at="2018-08-18T21:28:51Z" name="afterTest" finished-at="2018-08-18T21:28:51Z" duration-ms="0" status="PASS">
          <reporter-output>
          </reporter-output>
        </test-method> <!-- afterTest -->
      </class> <!-- testing.MercTestNg -->
    </test> <!-- Default test -->
  </suite> <!-- Default suite -->
</testng-results>
